{"/Users/ThoughtWorks/Documents/projects/js-testing/mocha-test/src/code.js":{"path":"/Users/ThoughtWorks/Documents/projects/js-testing/mocha-test/src/code.js","s":{"1":1,"2":1,"3":1,"4":1,"5":1,"6":1},"b":{},"f":{"1":1,"2":1},"fnMap":{"1":{"name":"add","line":1,"loc":{"start":{"line":1,"column":0},"end":{"line":1,"column":19}}},"2":{"name":"sub","line":5,"loc":{"start":{"line":5,"column":0},"end":{"line":5,"column":19}}}},"statementMap":{"1":{"start":{"line":1,"column":0},"end":{"line":3,"column":1}},"2":{"start":{"line":2,"column":1},"end":{"line":2,"column":12}},"3":{"start":{"line":5,"column":0},"end":{"line":7,"column":1}},"4":{"start":{"line":6,"column":1},"end":{"line":6,"column":12}},"5":{"start":{"line":9,"column":0},"end":{"line":9,"column":25}},"6":{"start":{"line":10,"column":0},"end":{"line":10,"column":25}}},"branchMap":{}}}